{
  "update_id": 288581259,
  "message": {
    "message_id": 61,
    "from": {
      "id": 166240669,
      "is_bot": false,
      "first_name": "Msha",
      "username": "mihuyase",
      "language_code": "en-BY"
    },
    "chat": {
      "id": 166240669,
      "first_name": "Msha",
      "username": "mihuyase",
      "type": "private"
    },
    "date": 1531596864,
    "audio": {
      "duration": 259,
      "mime_type": "audio/mpeg3",
      "file_id": "CQADAgADwAIAAjd9UUrBKqO8UaQsMgI",
      "file_size": 10363298
    }
  }
}

